{"/home/gui/Trybe/trybe-exercises/bloco_10/testes-automatizados-com-jest.3/4.js": {"path":"/home/gui/Trybe/trybe-exercises/bloco_10/testes-automatizados-com-jest.3/4.js","statementMap":{"0":{"start":{"line":1,"column":14},"end":{"line":1,"column":40}},"1":{"start":{"line":1,"column":23},"end":{"line":1,"column":40}},"2":{"start":{"line":2,"column":14},"end":{"line":2,"column":29}},"3":{"start":{"line":2,"column":23},"end":{"line":2,"column":29}},"4":{"start":{"line":3,"column":22},"end":{"line":3,"column":36}},"5":{"start":{"line":3,"column":31},"end":{"line":3,"column":36}},"6":{"start":{"line":7,"column":0},"end":{"line":11,"column":2}}},"fnMap":{"0":{"name":"(anonymous_0)","decl":{"start":{"line":1,"column":14},"end":{"line":1,"column":15}},"loc":{"start":{"line":1,"column":23},"end":{"line":1,"column":40}},"line":1},"1":{"name":"(anonymous_1)","decl":{"start":{"line":2,"column":14},"end":{"line":2,"column":15}},"loc":{"start":{"line":2,"column":23},"end":{"line":2,"column":29}},"line":2},"2":{"name":"(anonymous_2)","decl":{"start":{"line":3,"column":22},"end":{"line":3,"column":23}},"loc":{"start":{"line":3,"column":31},"end":{"line":3,"column":36}},"line":3}},"branchMap":{},"s":{"0":1,"1":2,"2":1,"3":0,"4":1,"5":0,"6":1},"f":{"0":2,"1":0,"2":0},"b":{},"_coverageSchema":"1a1c01bbd47fc00a2c39e90264f33305004495a9","hash":"4e7171d1f83822debc6e580a5e83725091bcdb8b"}
}
